#
# There is insufficient memory for the Java Runtime Environment to continue.
# Native memory allocation (malloc) failed to allocate 1048576 bytes for AllocateHeap
# Possible reasons:
#   The system is out of physical RAM or swap space
#   In 32 bit mode, the process size limit was hit
# Possible solutions:
#   Reduce memory load on the system
#   Increase physical memory or swap space
#   Check if swap backing store is full
#   Use 64 bit Java on a 64 bit OS
#   Decrease Java heap size (-Xmx/-Xms)
#   Decrease number of Java threads
#   Decrease Java thread stack sizes (-Xss)
#   Set larger code cache with -XX:ReservedCodeCacheSize=
# This output file may be truncated or incomplete.
#
#  Out of Memory Error (memory/allocation.inline.hpp:61), pid=7704, tid=0x00000000000014a4
#
# JRE version:  (8.0_172-b11) (build )
# Java VM: Java HotSpot(TM) 64-Bit Server VM (25.172-b11 mixed mode windows-amd64 compressed oops)
# Failed to write core dump. Minidumps are not enabled by default on client versions of Windows
#

---------------  T H R E A D  ---------------

Current thread (0x00000000009ae000):  JavaThread "Unknown thread" [_thread_in_vm, id=5284, stack(0x0000000002210000,0x0000000002310000)]

Stack: [0x0000000002210000,0x0000000002310000]
[error occurred during error reporting (printing stack bounds), id 0xc0000005]

Native frames: (J=compiled Java code, j=interpreted, Vv=VM code, C=native code)


---------------  P R O C E S S  ---------------

Java Threads: ( => current thread )

Other Threads:

=>0x00000000009ae000 (exited) JavaThread "Unknown thread" [_thread_in_vm, id=5284, stack(0x0000000002210000,0x0000000002310000)]

VM state:not at safepoint (normal execution)

VM Mutex/Monitor currently owned by a thread: None

Heap:
 PSYoungGen      total 18944K, used 327K [0x00000000eb400000, 0x00000000ec900000, 0x0000000100000000)
  eden space 16384K, 2% used [0x00000000eb400000,0x00000000eb451ec8,0x00000000ec400000)
  from space 2560K, 0% used [0x00000000ec680000,0x00000000ec680000,0x00000000ec900000)
  to   space 2560K, 0% used [0x00000000ec400000,0x00000000ec400000,0x00000000ec680000)
 ParOldGen       total 44032K, used 0K [0x00000000c1c00000, 0x00000000c4700000, 0x00000000eb400000)
  object space 44032K, 0% used [0x00000000c1c00000,0x00000000c1c00000,0x00000000c4700000)
 Metaspace       used 775K, capacity 4480K, committed 4480K, reserved 1056768K
  class space    used 76K, capacity 384K, committed 384K, reserved 1048576K

Card table byte_map: [0x00000000118b0000,0x0000000011ab0000] byte_map_base: 0x00000000112a2000

Marking Bits: (ParMarkBitMap*) 0x00000000673d3c10
 Begin Bits: [0x0000000011e00000, 0x0000000012d90000)
 End Bits:   [0x0000000012d90000, 0x0000000013d20000)

Polling page: 0x00000000009f0000

CodeCache: size=245760Kb used=327Kb max_used=327Kb free=245432Kb
 bounds [0x00000000024f0000, 0x0000000002760000, 0x00000000114f0000]
 total_blobs=57 nmethods=0 adapters=38
 compilation: enabled

Compilation events (0 events):
No events

GC Heap History (0 events):
No events

Deoptimization events (0 events):
No events

Classes redefined (0 events):
No events

Internal exceptions (0 events):
No events

Events (10 events):
Event: 0.135 loading class java/lang/Short
Event: 0.165 loading class java/lang/Short done
Event: 0.165 loading class java/lang/Integer
Event: 0.166 loading class java/lang/Integer done
Event: 0.166 loading class java/lang/Long
Event: 0.166 loading class java/lang/Long done
Event: 0.168 loading class java/lang/NullPointerException
Event: 0.168 loading class java/lang/NullPointerException done
Event: 0.168 loading class java/lang/ArithmeticException
Event: 0.169 loading class java/lang/ArithmeticException done


Dynamic libraries:
0x00007ff7806b0000 - 0x00007ff7806e7000 	C:\Program Files\Java\jdk1.8.0_172\bin\java.exe
0x00007ffbc02e0000 - 0x00007ffbc048d000 	C:\WINDOWS\SYSTEM32\ntdll.dll
0x00007ffbbeeb0000 - 0x00007ffbbefef000 	C:\WINDOWS\system32\KERNEL32.DLL
0x00007ffbbd850000 - 0x00007ffbbd966000 	C:\WINDOWS\system32\KERNELBASE.dll
0x00007ffbbbfd0000 - 0x00007ffbbc05e000 	C:\WINDOWS\system32\apphelp.dll
0x00007ffba2ad0000 - 0x00007ffba2b25000 	C:\WINDOWS\AppPatch\AppPatch64\AcGenral.DLL
0x00007ffbbf5f0000 - 0x00007ffbbf69a000 	C:\WINDOWS\system32\msvcrt.dll
0x00007ffbbd820000 - 0x00007ffbbd84e000 	C:\WINDOWS\system32\SspiCli.dll
0x00007ffbbf3c0000 - 0x00007ffbbf414000 	C:\WINDOWS\system32\SHLWAPI.dll
0x00007ffbc0090000 - 0x00007ffbc0207000 	C:\WINDOWS\system32\USER32.dll
0x00007ffbbfef0000 - 0x00007ffbc0084000 	C:\WINDOWS\system32\ole32.dll
0x00007ffbbd970000 - 0x00007ffbbee9b000 	C:\WINDOWS\system32\SHELL32.dll
0x00007ffbbc9d0000 - 0x00007ffbbc9f1000 	C:\WINDOWS\SYSTEM32\USERENV.dll
0x00007ffbbf4d0000 - 0x00007ffbbf57a000 	C:\WINDOWS\system32\ADVAPI32.dll
0x00007ffbac0a0000 - 0x00007ffbac0be000 	C:\WINDOWS\SYSTEM32\MPR.dll
0x00007ffbbfdb0000 - 0x00007ffbbfef0000 	C:\WINDOWS\system32\RPCRT4.dll
0x00007ffbbf880000 - 0x00007ffbbf8d9000 	C:\WINDOWS\SYSTEM32\sechost.dll
0x00007ffbbfa40000 - 0x00007ffbbfc50000 	C:\WINDOWS\SYSTEM32\combase.dll
0x00007ffbbf270000 - 0x00007ffbbf3bc000 	C:\WINDOWS\system32\GDI32.dll
0x00007ffbbd410000 - 0x00007ffbbd425000 	C:\WINDOWS\SYSTEM32\profapi.dll
0x00007ffbbba00000 - 0x00007ffbbbab2000 	C:\WINDOWS\SYSTEM32\SHCORE.dll
0x00007ffbbf480000 - 0x00007ffbbf4b6000 	C:\WINDOWS\system32\IMM32.DLL
0x00007ffbbf8e0000 - 0x00007ffbbfa32000 	C:\WINDOWS\system32\MSCTF.dll
0x00007ffbbb370000 - 0x00007ffbbb5eb000 	C:\WINDOWS\WinSxS\amd64_microsoft.windows.common-controls_6595b64144ccf1df_6.0.9600.19394_none_62486577ecb635cf\COMCTL32.dll
0x0000000066ad0000 - 0x0000000066ba2000 	C:\Program Files\Java\jdk1.8.0_172\jre\bin\msvcr100.dll
0x0000000066bb0000 - 0x0000000067453000 	C:\Program Files\Java\jdk1.8.0_172\jre\bin\server\jvm.dll
0x00007ffbb5ec0000 - 0x00007ffbb5ec9000 	C:\WINDOWS\SYSTEM32\WSOCK32.dll
0x00007ffbb5f60000 - 0x00007ffbb5f82000 	C:\WINDOWS\SYSTEM32\WINMM.dll
0x00007ffbb65a0000 - 0x00007ffbb65aa000 	C:\WINDOWS\SYSTEM32\VERSION.dll
0x00007ffbbeea0000 - 0x00007ffbbeea7000 	C:\WINDOWS\system32\PSAPI.DLL
0x00007ffbbf420000 - 0x00007ffbbf47a000 	C:\WINDOWS\system32\WS2_32.dll
0x00007ffbb5f30000 - 0x00007ffbb5f5a000 	C:\WINDOWS\SYSTEM32\WINMMBASE.dll
0x00007ffbbf5e0000 - 0x00007ffbbf5e9000 	C:\WINDOWS\system32\NSI.dll
0x00007ffbbd4e0000 - 0x00007ffbbd52f000 	C:\WINDOWS\SYSTEM32\cfgmgr32.dll
0x00007ffbbc220000 - 0x00007ffbbc248000 	C:\WINDOWS\SYSTEM32\DEVOBJ.dll
0x0000000066a80000 - 0x0000000066a8f000 	C:\Program Files\Java\jdk1.8.0_172\jre\bin\verify.dll
0x0000000066a50000 - 0x0000000066a79000 	C:\Program Files\Java\jdk1.8.0_172\jre\bin\java.dll
0x0000000066a30000 - 0x0000000066a46000 	C:\Program Files\Java\jdk1.8.0_172\jre\bin\zip.dll

VM Arguments:
jvm_args: -Dfile.encoding=UTF-8 
java_command: threads_synchronization.Runner
java_class_path (initial): C:\Users\Brian\Desktop\Threads_Synchronization\build\classes
Launcher Type: SUN_STANDARD

Environment Variables:
PATH=C:\ProgramData\Oracle\Java\javapath;C:\Program Files (x86)\Intel\TXE Components\TCS\;C:\Program Files\Intel\TXE Components\TCS\;C:\WINDOWS\system32;C:\WINDOWS;C:\WINDOWS\System32\Wbem;C:\WINDOWS\System32\WindowsPowerShell\v1.0\;C:\Program Files\Microsoft SQL Server\120\Tools\Binn\;C:\Program Files\Microsoft SQL Server\130\Tools\Binn\;C:\Program Files\Java\jdk-9.0.4\bin;C:\Program Files\Java\jre-9.0.4\bin;C:\Program Files\Java\jdk-9.0.4\bin;C:\Program Files\MiKTeX 2.9\miktex\bin\x64\;C:\Program Files\dotnet\;C:\Program Files (x86)\Microsoft SQL Server\150\DTS\Binn\;C:\Program Files\Microsoft SQL Server\Client SDK\ODBC\170\Tools\Binn\;C:\Program Files\nodejs\;C:\Program Files (x86)\Dr. Memory\bin64;C:\Program Files (x86)\Dr. Memory\bin;C:\Program Files (x86)\Yarn\bin\;C:\ProgramData\chocolatey\bin;C:\Ruby26-x64\bin;C:\RailsInstaller\Ruby2.3.3\bin;C:\RailsInstaller\Git\cmd;C:\RailsInstaller\Ruby2.2.0\bin;C:\Ruby27-x64\bin;C:\Users\Brian\AppData\Local\Programs\Python\Python37-32\Scripts\;C:\Users\Brian\AppData\Local\Programs\Python\Python37-32\;C:\Users\Brian\AppData\Local\Programs\MiKTeX 2.9\miktex\bin\x64\;C:\Users\Brian\AppData\Local\Programs\Microsoft VS Code\bin;C:\Users\Brian\AppData\Roaming\npm;C:\Program Files (x86)\heroku\bin;C:\Program Files (x86)\Dr. Memory\bin\;C:\Users\Brian\AppData\Local\Yarn\bin
USERNAME=Brian
OS=Windows_NT
PROCESSOR_IDENTIFIER=Intel64 Family 6 Model 55 Stepping 8, GenuineIntel



---------------  S Y S T E M  ---------------

OS: Windows 8.1 , 64 bit Build 9600 (6.3.9600.19538)

CPU:total 2 (initial active 2) (2 cores per cpu, 1 threads per core) family 6 model 55 stepping 8, cmov, cx8, fxsr, mmx, sse, sse2, sse3, ssse3, sse4.1, sse4.2, popcnt, clmul, erms, 3dnowpref, tsc, tscinvbit

Memory: 4k page, physical 4078268k(222644k free), swap 16661180k(3664k free)

vm_info: Java HotSpot(TM) 64-Bit Server VM (25.172-b11) for windows-amd64 JRE (1.8.0_172-b11), built on Mar 28 2018 21:21:52 by "java_re" with MS VC++ 10.0 (VS2010)

time: Fri Mar 20 14:54:56 2020
elapsed time: 0 seconds (0d 0h 0m 0s)

